<?xml version="1.0" encoding="UTF-8"?>
<!-- Generated by org.testng.reporters.JUnitReportReporter -->
<testsuite hostname="DESKTOP-5EBT8P9" failures="0" tests="1" name="testPackage.AddToCart" time="13.568" errors="0" timestamp="2025-03-18T11:00:47 IST" skipped="0">
  <testcase classname="testPackage.AddToCart" name="addToCartMethod" time="13.568"/>
</testsuite> <!-- testPackage.AddToCart -->
