<?xml version="1.0" encoding="UTF-8"?>
<!-- Generated by org.testng.reporters.JUnitReportReporter -->
<testsuite hostname="DESKTOP-5EBT8P9" failures="0" tests="1" name="testPackage.TC_RemoveProductFromCart_002_Test" time="27.092" errors="0" timestamp="2025-03-18T12:10:31 IST" skipped="0">
  <testcase classname="testPackage.TC_RemoveProductFromCart_002_Test" name="removeProductFromCart" time="27.092">
    <system-out>
      <![CDATA[Product is removed from cart]]>
    </system-out>
  </testcase> <!-- removeProductFromCart -->
  <system-out>
    <![CDATA[Product is removed from cart]]>
  </system-out>
</testsuite> <!-- testPackage.TC_RemoveProductFromCart_002_Test -->
