<?xml version="1.0" encoding="UTF-8"?>
<!-- Generated by org.testng.reporters.JUnitReportReporter -->
<testsuite hostname="DESKTOP-5EBT8P9" failures="0" tests="1" name="testPackage.TC_BuyProduct_003_Test" time="17.201" errors="0" timestamp="2025-03-20T11:34:56 IST" skipped="0">
  <testcase classname="testPackage.TC_BuyProduct_003_Test" name="buyProductMethod" time="17.201"/>
</testsuite> <!-- testPackage.TC_BuyProduct_003_Test -->
